#-----------------------------------------------------------
# Webtalk v2015.2 (64-bit)
# SW Build 1266856 on Fri Jun 26 16:35:25 MDT 2015
# 
# Start of session at: Mon Apr 18 21:34:12 2016
# Process ID: 10954
# Log file: /mnt/studproj/ebensberger/vhdl-sejits/src/vivado/template_project/template_project.sdk/webtalk/webtalk.log
# Journal file: /mnt/studproj/ebensberger/vhdl-sejits/src/vivado/template_project/template_project.sdk/webtalk/webtalk.jou
#-----------------------------------------------------------
source sdk_webtalk.tcl
# webtalk_init -webtalk_dir /mnt/studproj/ebensberger/vhdl-sejits/src/vivado/template_project/template_project.sdk/webtalk
# webtalk_register_client -client project
# webtalk_add_data -client project -key date_generated -value "Mon Apr 18 21:34:11 2016" -context "software_version_and_target_device"
# webtalk_add_data -client project -key product_version -value "SDK v2015.2" -context "software_version_and_target_device"
# webtalk_add_data -client project -key build_version -value "2015.2" -context "software_version_and_target_device"
# webtalk_add_data -client project -key os_platform -value "amd64" -context "software_version_and_target_device"
# webtalk_add_data -client project -key registration_id -value "" -context "software_version_and_target_device"
# webtalk_add_data -client project -key tool_flow -value "SDK" -context "software_version_and_target_device"
# webtalk_add_data -client project -key beta -value "false" -context "software_version_and_target_device"
# webtalk_add_data -client project -key route_design -value "NA" -context "software_version_and_target_device"
# webtalk_add_data -client project -key target_family -value "NA" -context "software_version_and_target_device"
# webtalk_add_data -client project -key target_device -value "NA" -context "software_version_and_target_device"
# webtalk_add_data -client project -key target_package -value "NA" -context "software_version_and_target_device"
# webtalk_add_data -client project -key target_speed -value "NA" -context "software_version_and_target_device"
# webtalk_add_data -client project -key random_id -value "162t8h4c64spcto9qaertbia7n" -context "software_version_and_target_device"
# webtalk_add_data -client project -key project_id -value "2015.2_5" -context "software_version_and_target_device"
# webtalk_add_data -client project -key project_iteration -value "5" -context "software_version_and_target_device"
# webtalk_add_data -client project -key os_name -value "" -context "user_environment"
# webtalk_add_data -client project -key os_release -value "" -context "user_environment"
# webtalk_add_data -client project -key cpu_name -value "" -context "user_environment"
# webtalk_add_data -client project -key cpu_speed -value "" -context "user_environment"
# webtalk_add_data -client project -key total_processors -value "" -context "user_environment"
# webtalk_add_data -client project -key system_ram -value "" -context "user_environment"
# webtalk_register_client -client sdk
# webtalk_add_data -client sdk -key uid -value "1460989869000" -context "sdk\\\\bsp/1460989869000"
# webtalk_add_data -client sdk -key hwid -value "1460727364000" -context "sdk\\\\bsp/1460989869000"
# webtalk_add_data -client sdk -key os -value "standalone" -context "sdk\\\\bsp/1460989869000"
# webtalk_add_data -client sdk -key apptemplate -value "zynq_fsbl" -context "sdk\\\\bsp/1460989869000"
# webtalk_add_data -client sdk -key uid -value "1460989873000" -context "sdk\\\\application/1460989873000"
# webtalk_add_data -client sdk -key hwid -value "1460727364000" -context "sdk\\\\application/1460989873000"
# webtalk_add_data -client sdk -key bspid -value "1460989869000" -context "sdk\\\\application/1460989873000"
# webtalk_add_data -client sdk -key newbsp -value "true" -context "sdk\\\\application/1460989873000"
# webtalk_add_data -client sdk -key os -value "standalone" -context "sdk\\\\application/1460989873000"
# webtalk_add_data -client sdk -key apptemplate -value "zynq_fsbl" -context "sdk\\\\application/1460989873000"
# webtalk_add_data -client sdk -key uid -value "1460990478000" -context "sdk\\\\hardware/1460990478000"
# webtalk_add_data -client sdk -key isZynq -value "true" -context "sdk\\\\hardware/1460990478000"
# webtalk_add_data -client sdk -key Processors -value "2" -context "sdk\\\\hardware/1460990478000"
# webtalk_add_data -client sdk -key VivadoVersion -value "2015.1.0" -context "sdk\\\\hardware/1460990478000"
# webtalk_add_data -client sdk -key Arch -value "zynq" -context "sdk\\\\hardware/1460990478000"
# webtalk_add_data -client sdk -key Device -value "7z020" -context "sdk\\\\hardware/1460990478000"
# webtalk_add_data -client sdk -key IsHandoff -value "true" -context "sdk\\\\hardware/1460990478000"
# webtalk_add_data -client sdk -key uid -value "1460990478000" -context "sdk\\\\bsp/1460990478000"
# webtalk_add_data -client sdk -key hwid -value "1460990478000" -context "sdk\\\\bsp/1460990478000"
# webtalk_add_data -client sdk -key os -value "standalone" -context "sdk\\\\bsp/1460990478000"
# webtalk_add_data -client sdk -key apptemplate -value "zynq_fsbl" -context "sdk\\\\bsp/1460990478000"
# webtalk_add_data -client sdk -key uid -value "1460990482000" -context "sdk\\\\application/1460990482000"
# webtalk_add_data -client sdk -key hwid -value "1460990478000" -context "sdk\\\\application/1460990482000"
# webtalk_add_data -client sdk -key bspid -value "1460990478000" -context "sdk\\\\application/1460990482000"
# webtalk_add_data -client sdk -key newbsp -value "true" -context "sdk\\\\application/1460990482000"
# webtalk_add_data -client sdk -key os -value "standalone" -context "sdk\\\\application/1460990482000"
# webtalk_add_data -client sdk -key apptemplate -value "zynq_fsbl" -context "sdk\\\\application/1460990482000"
# webtalk_add_data -client sdk -key uid -value "1460990626000" -context "sdk\\\\bsp/1460990626000"
# webtalk_add_data -client sdk -key hwid -value "1460732528000" -context "sdk\\\\bsp/1460990626000"
# webtalk_add_data -client sdk -key os -value "standalone" -context "sdk\\\\bsp/1460990626000"
# webtalk_add_data -client sdk -key apptemplate -value "zynq_fsbl" -context "sdk\\\\bsp/1460990626000"
# webtalk_add_data -client sdk -key uid -value "1460990639000" -context "sdk\\\\application/1460990639000"
# webtalk_add_data -client sdk -key hwid -value "1460732528000" -context "sdk\\\\application/1460990639000"
# webtalk_add_data -client sdk -key bspid -value "1460990626000" -context "sdk\\\\application/1460990639000"
# webtalk_add_data -client sdk -key newbsp -value "true" -context "sdk\\\\application/1460990639000"
# webtalk_add_data -client sdk -key os -value "standalone" -context "sdk\\\\application/1460990639000"
# webtalk_add_data -client sdk -key apptemplate -value "zynq_fsbl" -context "sdk\\\\application/1460990639000"
# webtalk_transmit -clientid 1136331291 -regid "" -xml /mnt/studproj/ebensberger/vhdl-sejits/src/vivado/template_project/template_project.sdk/webtalk/usage_statistics_ext_sdk.xml -html /mnt/studproj/ebensberger/vhdl-sejits/src/vivado/template_project/template_project.sdk/webtalk/usage_statistics_ext_sdk.html -wdm /mnt/studproj/ebensberger/vhdl-sejits/src/vivado/template_project/template_project.sdk/webtalk/sdk_webtalk.wdm -intro "<H3>SDK Usage Report</H3><BR>"
INFO: [Common 17-186] '/mnt/studproj/ebensberger/vhdl-sejits/src/vivado/template_project/template_project.sdk/webtalk/usage_statistics_ext_sdk.xml' has been successfully sent to Xilinx on Mon Apr 18 21:34:13 2016. For additional details about this file, please refer to the WebTalk help file at /local/eda/xilinx/sdk/2015.2/doc/webtalk_introduction.html.
# webtalk_terminate
INFO: [Common 17-206] Exiting Webtalk at Mon Apr 18 21:34:13 2016...
