18:31:27 INFO  : Processing command line option -hwspec /mnt/studproj/ebensberger/vhdl-sejits/src/vivado/template_project/template_project.sdk/top.hdf.
18:31:28 INFO  : Launching XSDB server: xsdb -n -s /local/eda/xilinx/sdk/2015.2/scripts/xsdb/xsdb/xsdb-server.tcl
18:31:29 INFO  : XSDB server has started successfully.
18:32:21 INFO  : BSP Project P/standalone_bsp_0 has been successfully migrated.
18:42:53 INFO  : Connected to target on host '127.0.0.1' and port '3121'.
18:42:53 INFO  : 'targets -set -filter {jtag_cable_name =~ "Digilent Zed 210248518355" && level==0} -index 1' command is executed.
18:42:56 INFO  : FPGA configured successfully with bitstream "/mnt/studproj/ebensberger/vhdl-sejits/src/vivado/template_project/template_project.sdk/top_hw_platform_0/top.bit"
18:43:41 INFO  : Connected to target on host '127.0.0.1' and port '3121'.
18:43:41 INFO  : 'targets -set -filter {jtag_cable_name =~ "Digilent Zed 210248518355" && level==0} -index 1' command is executed.
18:43:41 INFO  : 'fpga -state' command is executed.
18:43:41 INFO  : Connected to target on host '127.0.0.1' and port '3121'.
18:43:41 INFO  : 'targets -set -filter {name =~"APU" && jtag_cable_name =~ "Digilent Zed 210248518355"} -index 0' command is executed.
18:43:45 INFO  : Mermory regions for PS have been updated.
18:43:45 INFO  : Sourcing of '/mnt/studproj/ebensberger/vhdl-sejits/src/vivado/template_project/template_project.sdk/top_hw_platform_0/ps7_init.tcl' is done.
18:43:45 INFO  : 'targets -set -filter {name =~"APU" && jtag_cable_name =~ "Digilent Zed 210248518355"} -index 0' command is executed.
18:43:46 INFO  : 'ps7_init' command is executed.
18:43:46 INFO  : 'ps7_post_config' command is executed.
18:43:46 INFO  : Context for processor 'ps7_cortexa9_0' is selected.
18:43:46 INFO  : Processor reset is completed for 'ps7_cortexa9_0'.
18:43:46 INFO  : Context for processor 'ps7_cortexa9_0' is selected.
18:43:47 INFO  : The application '/mnt/studproj/ebensberger/vhdl-sejits/src/vivado/template_project/template_project.sdk/accelerator_test/Debug/accelerator_test.elf' is downloaded to processor 'ps7_cortexa9_0'.
18:43:47 INFO  : ----------------XSDB Script----------------
connect -url tcp:127.0.0.1:3121
targets -set -filter {name =~"APU" && jtag_cable_name =~ "Digilent Zed 210248518355"} -index 0
memmap -addr 1136656384 -size 65536 -flags 3
memmap -addr 4160782336 -size 4096 -flags 3
memmap -addr 4160786432 -size 4096 -flags 3
memmap -addr 4160790528 -size 4096 -flags 3
memmap -addr 4160794624 -size 4096 -flags 3
memmap -addr 4169138176 -size 1048576 -flags 3
memmap -addr 1048576 -size 535822336 -flags 3
memmap -addr 4160774144 -size 4096 -flags 3
memmap -addr 4160778240 -size 256 -flags 3
memmap -addr 4160765952 -size 4096 -flags 3
memmap -addr 4160761856 -size 4096 -flags 3
memmap -addr 3758141440 -size 4096 -flags 3
memmap -addr 4176478720 -size 256 -flags 3
memmap -addr 3758137344 -size 4096 -flags 3
memmap -addr 4170186752 -size 1048576 -flags 3
memmap -addr 4176482304 -size 4096 -flags 3
memmap -addr 3760193536 -size 4096 -flags 3
memmap -addr 4176486400 -size 4096 -flags 3
memmap -addr 4160798720 -size 4096 -flags 3
memmap -addr 4176486400 -size 4096 -flags 3
memmap -addr 4169732096 -size 4096 -flags 3
memmap -addr 3758149632 -size 4096 -flags 3
memmap -addr 4227858432 -size 16777216 -flags 3
memmap -addr 0 -size 196608 -flags 3
memmap -addr 4294901760 -size 65024 -flags 3
memmap -addr 4176478208 -size 253 -flags 3
memmap -addr 4176482304 -size 4096 -flags 3
memmap -addr 4176479744 -size 32 -flags 3
memmap -addr 4176479776 -size 224 -flags 3
memmap -addr 3759144960 -size 4096 -flags 3
memmap -addr 4160749568 -size 4096 -flags 3
memmap -addr 4160753664 -size 4096 -flags 3
memmap -addr 3758100480 -size 4096 -flags 3
memmap -addr 3758104576 -size 4096 -flags 3
memmap -addr 4160778496 -size 33 -flags 3
source /mnt/studproj/ebensberger/vhdl-sejits/src/vivado/template_project/template_project.sdk/top_hw_platform_0/ps7_init.tcl
targets -set -filter {name =~"APU" && jtag_cable_name =~ "Digilent Zed 210248518355"} -index 0
ps7_init
ps7_post_config
targets -set -nocase -filter {name =~ "ARM*#0" && jtag_cable_name =~ "Digilent Zed 210248518355"} -index 0
rst -processor
targets -set -nocase -filter {name =~ "ARM*#0" && jtag_cable_name =~ "Digilent Zed 210248518355"} -index 0
dow /mnt/studproj/ebensberger/vhdl-sejits/src/vivado/template_project/template_project.sdk/accelerator_test/Debug/accelerator_test.elf
----------------End of Script----------------

18:43:47 INFO  : Memory regions updated for context APU
18:43:47 INFO  : Context for processor 'ps7_cortexa9_0' is selected.
18:43:47 INFO  : 'con' command is executed.
18:43:47 INFO  : ----------------XSDB Script (After Launch)----------------
targets -set -nocase -filter {name =~ "ARM*#0" && jtag_cable_name =~ "Digilent Zed 210248518355"} -index 0
con
----------------End of Script----------------

18:46:04 INFO  : Disconnected from the channel tcfchan#1.
18:46:52 INFO  : Connected to target on host '127.0.0.1' and port '3121'.
18:46:52 INFO  : 'targets -set -filter {jtag_cable_name =~ "Digilent Zed 210248518355" && level==0} -index 1' command is executed.
18:46:52 INFO  : 'fpga -state' command is executed.
18:46:52 INFO  : Connected to target on host '127.0.0.1' and port '3121'.
18:46:52 INFO  : 'targets -set -filter {name =~"APU" && jtag_cable_name =~ "Digilent Zed 210248518355"} -index 0' command is executed.
18:46:56 INFO  : Mermory regions for PS have been updated.
18:46:56 INFO  : Sourcing of '/mnt/studproj/ebensberger/vhdl-sejits/src/vivado/template_project/template_project.sdk/top_hw_platform_0/ps7_init.tcl' is done.
18:46:56 INFO  : 'targets -set -filter {name =~"APU" && jtag_cable_name =~ "Digilent Zed 210248518355"} -index 0' command is executed.
18:46:56 INFO  : 'ps7_init' command is executed.
18:46:56 INFO  : 'ps7_post_config' command is executed.
18:46:57 INFO  : Context for processor 'ps7_cortexa9_0' is selected.
18:46:57 INFO  : Processor reset is completed for 'ps7_cortexa9_0'.
18:46:57 INFO  : Context for processor 'ps7_cortexa9_0' is selected.
18:46:57 INFO  : The application '/mnt/studproj/ebensberger/vhdl-sejits/src/vivado/template_project/template_project.sdk/accelerator_test/Debug/accelerator_test.elf' is downloaded to processor 'ps7_cortexa9_0'.
18:46:57 INFO  : ----------------XSDB Script----------------
connect -url tcp:127.0.0.1:3121
targets -set -filter {name =~"APU" && jtag_cable_name =~ "Digilent Zed 210248518355"} -index 0
memmap -addr 1136656384 -size 65536 -flags 3
memmap -addr 4160782336 -size 4096 -flags 3
memmap -addr 4160786432 -size 4096 -flags 3
memmap -addr 4160790528 -size 4096 -flags 3
memmap -addr 4160794624 -size 4096 -flags 3
memmap -addr 4169138176 -size 1048576 -flags 3
memmap -addr 1048576 -size 535822336 -flags 3
memmap -addr 4160774144 -size 4096 -flags 3
memmap -addr 4160778240 -size 256 -flags 3
memmap -addr 4160765952 -size 4096 -flags 3
memmap -addr 4160761856 -size 4096 -flags 3
memmap -addr 3758141440 -size 4096 -flags 3
memmap -addr 4176478720 -size 256 -flags 3
memmap -addr 3758137344 -size 4096 -flags 3
memmap -addr 4170186752 -size 1048576 -flags 3
memmap -addr 4176482304 -size 4096 -flags 3
memmap -addr 3760193536 -size 4096 -flags 3
memmap -addr 4176486400 -size 4096 -flags 3
memmap -addr 4160798720 -size 4096 -flags 3
memmap -addr 4176486400 -size 4096 -flags 3
memmap -addr 4169732096 -size 4096 -flags 3
memmap -addr 3758149632 -size 4096 -flags 3
memmap -addr 4227858432 -size 16777216 -flags 3
memmap -addr 0 -size 196608 -flags 3
memmap -addr 4294901760 -size 65024 -flags 3
memmap -addr 4176478208 -size 253 -flags 3
memmap -addr 4176482304 -size 4096 -flags 3
memmap -addr 4176479744 -size 32 -flags 3
memmap -addr 4176479776 -size 224 -flags 3
memmap -addr 3759144960 -size 4096 -flags 3
memmap -addr 4160749568 -size 4096 -flags 3
memmap -addr 4160753664 -size 4096 -flags 3
memmap -addr 3758100480 -size 4096 -flags 3
memmap -addr 3758104576 -size 4096 -flags 3
memmap -addr 4160778496 -size 33 -flags 3
source /mnt/studproj/ebensberger/vhdl-sejits/src/vivado/template_project/template_project.sdk/top_hw_platform_0/ps7_init.tcl
targets -set -filter {name =~"APU" && jtag_cable_name =~ "Digilent Zed 210248518355"} -index 0
ps7_init
ps7_post_config
targets -set -nocase -filter {name =~ "ARM*#0" && jtag_cable_name =~ "Digilent Zed 210248518355"} -index 0
rst -processor
targets -set -nocase -filter {name =~ "ARM*#0" && jtag_cable_name =~ "Digilent Zed 210248518355"} -index 0
dow /mnt/studproj/ebensberger/vhdl-sejits/src/vivado/template_project/template_project.sdk/accelerator_test/Debug/accelerator_test.elf
----------------End of Script----------------

18:46:57 INFO  : Memory regions updated for context APU
18:52:13 INFO  : Disconnected from the channel tcfchan#2.
18:52:34 ERROR : Unexpected exception occurred.
java.io.IOException: Command [C 415 xsdb eval "targets -set -nocase] aborted
	at org.eclipse.tcf.core.AbstractChannel$9.run(AbstractChannel.java:728)
	at org.eclipse.tcf.EventQueue.run(EventQueue.java:95)
	at java.lang.Thread.run(Thread.java:745)
Caused by: java.io.IOException: Communication channel is closed by remote peer
	at org.eclipse.tcf.core.AbstractChannel$1$2.run(AbstractChannel.java:305)
	... 2 more
18:52:36 ERROR : Unexpected error while parsing XMD response ?: com.google.gson.JsonSyntaxException: com.google.gson.stream.MalformedJsonException: invalid number or unquoted string near 
