INFO: [VRFC 10-2263] Analyzing Verilog file "/home/philipp/University/M4/Masterthesis/src/vhdl-sejits/src/vivado/template_project/template_project.srcs/sources_1/ipshared/xilinx.com/processing_system7_bfm_v2_0/adcdcea3/hdl/processing_system7_bfm_v2_0_arb_wr.v" into library xil_defaultlib
INFO: [VRFC 10-311] analyzing module processing_system7_bfm_v2_0_arb_wr
INFO: [VRFC 10-2263] Analyzing Verilog file "/home/philipp/University/M4/Masterthesis/src/vhdl-sejits/src/vivado/template_project/template_project.srcs/sources_1/ipshared/xilinx.com/processing_system7_bfm_v2_0/adcdcea3/hdl/processing_system7_bfm_v2_0_arb_rd.v" into library xil_defaultlib
INFO: [VRFC 10-311] analyzing module processing_system7_bfm_v2_0_arb_rd
INFO: [VRFC 10-2263] Analyzing Verilog file "/home/philipp/University/M4/Masterthesis/src/vhdl-sejits/src/vivado/template_project/template_project.srcs/sources_1/ipshared/xilinx.com/processing_system7_bfm_v2_0/adcdcea3/hdl/processing_system7_bfm_v2_0_arb_wr_4.v" into library xil_defaultlib
INFO: [VRFC 10-311] analyzing module processing_system7_bfm_v2_0_arb_wr_4
INFO: [VRFC 10-2263] Analyzing Verilog file "/home/philipp/University/M4/Masterthesis/src/vhdl-sejits/src/vivado/template_project/template_project.srcs/sources_1/ipshared/xilinx.com/processing_system7_bfm_v2_0/adcdcea3/hdl/processing_system7_bfm_v2_0_arb_rd_4.v" into library xil_defaultlib
INFO: [VRFC 10-311] analyzing module processing_system7_bfm_v2_0_arb_rd_4
INFO: [VRFC 10-2263] Analyzing Verilog file "/home/philipp/University/M4/Masterthesis/src/vhdl-sejits/src/vivado/template_project/template_project.srcs/sources_1/ipshared/xilinx.com/processing_system7_bfm_v2_0/adcdcea3/hdl/processing_system7_bfm_v2_0_arb_hp2_3.v" into library xil_defaultlib
INFO: [VRFC 10-311] analyzing module processing_system7_bfm_v2_0_arb_hp2_3
INFO: [VRFC 10-2263] Analyzing Verilog file "/home/philipp/University/M4/Masterthesis/src/vhdl-sejits/src/vivado/template_project/template_project.srcs/sources_1/ipshared/xilinx.com/processing_system7_bfm_v2_0/adcdcea3/hdl/processing_system7_bfm_v2_0_arb_hp0_1.v" into library xil_defaultlib
INFO: [VRFC 10-311] analyzing module processing_system7_bfm_v2_0_arb_hp0_1
INFO: [VRFC 10-2263] Analyzing Verilog file "/home/philipp/University/M4/Masterthesis/src/vhdl-sejits/src/vivado/template_project/template_project.srcs/sources_1/ipshared/xilinx.com/processing_system7_bfm_v2_0/adcdcea3/hdl/processing_system7_bfm_v2_0_ssw_hp.v" into library xil_defaultlib
INFO: [VRFC 10-311] analyzing module processing_system7_bfm_v2_0_ssw_hp
INFO: [VRFC 10-2263] Analyzing Verilog file "/home/philipp/University/M4/Masterthesis/src/vhdl-sejits/src/vivado/template_project/template_project.srcs/sources_1/ipshared/xilinx.com/processing_system7_bfm_v2_0/adcdcea3/hdl/processing_system7_bfm_v2_0_sparse_mem.v" into library xil_defaultlib
INFO: [VRFC 10-311] analyzing module processing_system7_bfm_v2_0_sparse_mem
INFO: [VRFC 10-2263] Analyzing Verilog file "/home/philipp/University/M4/Masterthesis/src/vhdl-sejits/src/vivado/template_project/template_project.srcs/sources_1/ipshared/xilinx.com/processing_system7_bfm_v2_0/adcdcea3/hdl/processing_system7_bfm_v2_0_reg_map.v" into library xil_defaultlib
INFO: [VRFC 10-311] analyzing module processing_system7_bfm_v2_0_reg_map
INFO: [VRFC 10-2263] Analyzing Verilog file "/home/philipp/University/M4/Masterthesis/src/vhdl-sejits/src/vivado/template_project/template_project.srcs/sources_1/ipshared/xilinx.com/processing_system7_bfm_v2_0/adcdcea3/hdl/processing_system7_bfm_v2_0_ocm_mem.v" into library xil_defaultlib
INFO: [VRFC 10-311] analyzing module processing_system7_bfm_v2_0_ocm_mem
INFO: [VRFC 10-2263] Analyzing Verilog file "/home/philipp/University/M4/Masterthesis/src/vhdl-sejits/src/vivado/template_project/template_project.srcs/sources_1/ipshared/xilinx.com/processing_system7_bfm_v2_0/adcdcea3/hdl/processing_system7_bfm_v2_0_intr_wr_mem.v" into library xil_defaultlib
INFO: [VRFC 10-311] analyzing module processing_system7_bfm_v2_0_intr_wr_mem
INFO: [VRFC 10-2263] Analyzing Verilog file "/home/philipp/University/M4/Masterthesis/src/vhdl-sejits/src/vivado/template_project/template_project.srcs/sources_1/ipshared/xilinx.com/processing_system7_bfm_v2_0/adcdcea3/hdl/processing_system7_bfm_v2_0_intr_rd_mem.v" into library xil_defaultlib
INFO: [VRFC 10-311] analyzing module processing_system7_bfm_v2_0_intr_rd_mem
INFO: [VRFC 10-2263] Analyzing Verilog file "/home/philipp/University/M4/Masterthesis/src/vhdl-sejits/src/vivado/template_project/template_project.srcs/sources_1/ipshared/xilinx.com/processing_system7_bfm_v2_0/adcdcea3/hdl/processing_system7_bfm_v2_0_fmsw_gp.v" into library xil_defaultlib
INFO: [VRFC 10-311] analyzing module processing_system7_bfm_v2_0_fmsw_gp
INFO: [VRFC 10-2263] Analyzing Verilog file "/home/philipp/University/M4/Masterthesis/src/vhdl-sejits/src/vivado/template_project/template_project.srcs/sources_1/ipshared/xilinx.com/processing_system7_bfm_v2_0/adcdcea3/hdl/processing_system7_bfm_v2_0_regc.v" into library xil_defaultlib
INFO: [VRFC 10-311] analyzing module processing_system7_bfm_v2_0_regc
INFO: [VRFC 10-2263] Analyzing Verilog file "/home/philipp/University/M4/Masterthesis/src/vhdl-sejits/src/vivado/template_project/template_project.srcs/sources_1/ipshared/xilinx.com/processing_system7_bfm_v2_0/adcdcea3/hdl/processing_system7_bfm_v2_0_ocmc.v" into library xil_defaultlib
INFO: [VRFC 10-311] analyzing module processing_system7_bfm_v2_0_ocmc
INFO: [VRFC 10-2263] Analyzing Verilog file "/home/philipp/University/M4/Masterthesis/src/vhdl-sejits/src/vivado/template_project/template_project.srcs/sources_1/ipshared/xilinx.com/processing_system7_bfm_v2_0/adcdcea3/hdl/processing_system7_bfm_v2_0_interconnect_model.v" into library xil_defaultlib
INFO: [VRFC 10-311] analyzing module processing_system7_bfm_v2_0_interconnect_model
INFO: [VRFC 10-2263] Analyzing Verilog file "/home/philipp/University/M4/Masterthesis/src/vhdl-sejits/src/vivado/template_project/template_project.srcs/sources_1/ipshared/xilinx.com/processing_system7_bfm_v2_0/adcdcea3/hdl/processing_system7_bfm_v2_0_gen_reset.v" into library xil_defaultlib
INFO: [VRFC 10-311] analyzing module processing_system7_bfm_v2_0_gen_reset
INFO: [VRFC 10-2263] Analyzing Verilog file "/home/philipp/University/M4/Masterthesis/src/vhdl-sejits/src/vivado/template_project/template_project.srcs/sources_1/ipshared/xilinx.com/processing_system7_bfm_v2_0/adcdcea3/hdl/processing_system7_bfm_v2_0_gen_clock.v" into library xil_defaultlib
INFO: [VRFC 10-311] analyzing module processing_system7_bfm_v2_0_gen_clock
INFO: [VRFC 10-2263] Analyzing Verilog file "/home/philipp/University/M4/Masterthesis/src/vhdl-sejits/src/vivado/template_project/template_project.srcs/sources_1/ipshared/xilinx.com/processing_system7_bfm_v2_0/adcdcea3/hdl/processing_system7_bfm_v2_0_ddrc.v" into library xil_defaultlib
INFO: [VRFC 10-311] analyzing module processing_system7_bfm_v2_0_ddrc
INFO: [VRFC 10-2263] Analyzing Verilog file "/home/philipp/University/M4/Masterthesis/src/vhdl-sejits/src/vivado/template_project/template_project.srcs/sources_1/ipshared/xilinx.com/processing_system7_bfm_v2_0/adcdcea3/hdl/processing_system7_bfm_v2_0_axi_slave.v" into library xil_defaultlib
INFO: [VRFC 10-311] analyzing module processing_system7_bfm_v2_0_axi_slave
INFO: [VRFC 10-2263] Analyzing Verilog file "/home/philipp/University/M4/Masterthesis/src/vhdl-sejits/src/vivado/template_project/template_project.srcs/sources_1/ipshared/xilinx.com/processing_system7_bfm_v2_0/adcdcea3/hdl/processing_system7_bfm_v2_0_axi_master.v" into library xil_defaultlib
INFO: [VRFC 10-311] analyzing module processing_system7_bfm_v2_0_axi_master
INFO: [VRFC 10-2263] Analyzing Verilog file "/home/philipp/University/M4/Masterthesis/src/vhdl-sejits/src/vivado/template_project/template_project.srcs/sources_1/ipshared/xilinx.com/processing_system7_bfm_v2_0/adcdcea3/hdl/processing_system7_bfm_v2_0_afi_slave.v" into library xil_defaultlib
INFO: [VRFC 10-311] analyzing module processing_system7_bfm_v2_0_afi_slave
INFO: [VRFC 10-2263] Analyzing Verilog file "/home/philipp/University/M4/Masterthesis/src/vhdl-sejits/src/vivado/template_project/template_project.srcs/sources_1/ipshared/xilinx.com/processing_system7_bfm_v2_0/adcdcea3/hdl/processing_system7_bfm_v2_0_processing_system7_bfm.v" into library xil_defaultlib
INFO: [VRFC 10-311] analyzing module processing_system7_bfm_v2_0_processing_system7_bfm
INFO: [VRFC 10-2263] Analyzing Verilog file "/home/philipp/University/M4/Masterthesis/src/vhdl-sejits/src/vivado/template_project/template_project.srcs/sources_1/bd/template_design/ip/template_design_processing_system7_0_0/sim/template_design_processing_system7_0_0.v" into library xil_defaultlib
INFO: [VRFC 10-311] analyzing module template_design_processing_system7_0_0
INFO: [VRFC 10-2263] Analyzing Verilog file "/home/philipp/University/M4/Masterthesis/src/vhdl-sejits/src/vivado/template_project/template_project.srcs/sources_1/ipshared/xilinx.com/axis_infrastructure_v1_1/3897bfff/hdl/verilog/axis_infrastructure_v1_1_mux_enc.v" into library axis_infrastructure_v1_1
INFO: [VRFC 10-311] analyzing module axis_infrastructure_v1_1_mux_enc
INFO: [VRFC 10-2263] Analyzing Verilog file "/home/philipp/University/M4/Masterthesis/src/vhdl-sejits/src/vivado/template_project/template_project.srcs/sources_1/ipshared/xilinx.com/axis_infrastructure_v1_1/3897bfff/hdl/verilog/axis_infrastructure_v1_1_util_aclken_converter.v" into library axis_infrastructure_v1_1
INFO: [VRFC 10-311] analyzing module axis_infrastructure_v1_1_util_aclken_converter
INFO: [VRFC 10-2263] Analyzing Verilog file "/home/philipp/University/M4/Masterthesis/src/vhdl-sejits/src/vivado/template_project/template_project.srcs/sources_1/ipshared/xilinx.com/axis_infrastructure_v1_1/3897bfff/hdl/verilog/axis_infrastructure_v1_1_util_aclken_converter_wrapper.v" into library axis_infrastructure_v1_1
INFO: [VRFC 10-311] analyzing module axis_infrastructure_v1_1_util_aclken_converter_wrapper
INFO: [VRFC 10-2263] Analyzing Verilog file "/home/philipp/University/M4/Masterthesis/src/vhdl-sejits/src/vivado/template_project/template_project.srcs/sources_1/ipshared/xilinx.com/axis_infrastructure_v1_1/3897bfff/hdl/verilog/axis_infrastructure_v1_1_util_axis2vector.v" into library axis_infrastructure_v1_1
INFO: [VRFC 10-311] analyzing module axis_infrastructure_v1_1_util_axis2vector
INFO: [VRFC 10-2263] Analyzing Verilog file "/home/philipp/University/M4/Masterthesis/src/vhdl-sejits/src/vivado/template_project/template_project.srcs/sources_1/ipshared/xilinx.com/axis_infrastructure_v1_1/3897bfff/hdl/verilog/axis_infrastructure_v1_1_util_vector2axis.v" into library axis_infrastructure_v1_1
INFO: [VRFC 10-311] analyzing module axis_infrastructure_v1_1_util_vector2axis
INFO: [VRFC 10-2263] Analyzing Verilog file "/home/philipp/University/M4/Masterthesis/src/vhdl-sejits/src/vivado/template_project/template_project.srcs/sources_1/ipshared/xilinx.com/axis_infrastructure_v1_1/3897bfff/hdl/verilog/axis_infrastructure_v1_1_clock_synchronizer.v" into library axis_infrastructure_v1_1
INFO: [VRFC 10-311] analyzing module axis_infrastructure_v1_1_clock_synchronizer
INFO: [VRFC 10-2263] Analyzing Verilog file "/home/philipp/University/M4/Masterthesis/src/vhdl-sejits/src/vivado/template_project/template_project.srcs/sources_1/ipshared/xilinx.com/axis_infrastructure_v1_1/3897bfff/hdl/verilog/axis_infrastructure_v1_1_cdc_handshake.v" into library axis_infrastructure_v1_1
INFO: [VRFC 10-311] analyzing module axis_infrastructure_v1_1_cdc_handshake
INFO: [VRFC 10-2263] Analyzing Verilog file "/home/philipp/University/M4/Masterthesis/src/vhdl-sejits/src/vivado/template_project/template_project.srcs/sources_1/ipshared/xilinx.com/axis_data_fifo_v1_1/44f6a874/hdl/verilog/axis_data_fifo_v1_1_axis_data_fifo.v" into library axis_data_fifo_v1_1
INFO: [VRFC 10-311] analyzing module axis_data_fifo_v1_1_axis_data_fifo
INFO: [VRFC 10-2263] Analyzing Verilog file "/home/philipp/University/M4/Masterthesis/src/vhdl-sejits/src/vivado/template_project/template_project.srcs/sources_1/bd/template_design/ip/template_design_axis_data_fifo_0_0/sim/template_design_axis_data_fifo_0_0.v" into library xil_defaultlib
INFO: [VRFC 10-311] analyzing module template_design_axis_data_fifo_0_0
INFO: [VRFC 10-2263] Analyzing Verilog file "/home/philipp/University/M4/Masterthesis/src/vhdl-sejits/src/vivado/template_project/template_project.srcs/sources_1/bd/template_design/ip/template_design_axis_data_fifo_1_0/sim/template_design_axis_data_fifo_1_0.v" into library xil_defaultlib
INFO: [VRFC 10-311] analyzing module template_design_axis_data_fifo_1_0
INFO: [VRFC 10-2263] Analyzing Verilog file "/home/philipp/University/M4/Masterthesis/src/vhdl-sejits/src/vivado/template_project/template_project.srcs/sources_1/ipshared/xilinx.com/axis_register_slice_v1_1/781930b9/hdl/verilog/axis_register_slice_v1_1_axisc_register_slice.v" into library axis_register_slice_v1_1
INFO: [VRFC 10-311] analyzing module axis_register_slice_v1_1_axisc_register_slice
INFO: [VRFC 10-2263] Analyzing Verilog file "/home/philipp/University/M4/Masterthesis/src/vhdl-sejits/src/vivado/template_project/template_project.srcs/sources_1/ipshared/xilinx.com/axis_register_slice_v1_1/781930b9/hdl/verilog/axis_register_slice_v1_1_axis_register_slice.v" into library axis_register_slice_v1_1
INFO: [VRFC 10-311] analyzing module axis_register_slice_v1_1_axis_register_slice
INFO: [VRFC 10-2263] Analyzing Verilog file "/home/philipp/University/M4/Masterthesis/src/vhdl-sejits/src/vivado/template_project/template_project.srcs/sources_1/bd/template_design/ip/template_design_axis_register_slice_0_0/sim/template_design_axis_register_slice_0_0.v" into library xil_defaultlib
INFO: [VRFC 10-311] analyzing module template_design_axis_register_slice_0_0
INFO: [VRFC 10-2263] Analyzing Verilog file "/home/philipp/University/M4/Masterthesis/src/vhdl-sejits/src/vivado/template_project/template_project.srcs/sources_1/ipshared/xilinx.com/generic_baseblocks_v2_1/da89d453/hdl/verilog/generic_baseblocks_v2_1_carry_and.v" into library generic_baseblocks_v2_1
INFO: [VRFC 10-311] analyzing module generic_baseblocks_v2_1_carry_and
INFO: [VRFC 10-2263] Analyzing Verilog file "/home/philipp/University/M4/Masterthesis/src/vhdl-sejits/src/vivado/template_project/template_project.srcs/sources_1/ipshared/xilinx.com/generic_baseblocks_v2_1/da89d453/hdl/verilog/generic_baseblocks_v2_1_carry_latch_and.v" into library generic_baseblocks_v2_1
INFO: [VRFC 10-311] analyzing module generic_baseblocks_v2_1_carry_latch_and
INFO: [VRFC 10-2263] Analyzing Verilog file "/home/philipp/University/M4/Masterthesis/src/vhdl-sejits/src/vivado/template_project/template_project.srcs/sources_1/ipshared/xilinx.com/generic_baseblocks_v2_1/da89d453/hdl/verilog/generic_baseblocks_v2_1_carry_latch_or.v" into library generic_baseblocks_v2_1
INFO: [VRFC 10-311] analyzing module generic_baseblocks_v2_1_carry_latch_or
INFO: [VRFC 10-2263] Analyzing Verilog file "/home/philipp/University/M4/Masterthesis/src/vhdl-sejits/src/vivado/template_project/template_project.srcs/sources_1/ipshared/xilinx.com/generic_baseblocks_v2_1/da89d453/hdl/verilog/generic_baseblocks_v2_1_carry_or.v" into library generic_baseblocks_v2_1
INFO: [VRFC 10-311] analyzing module generic_baseblocks_v2_1_carry_or
INFO: [VRFC 10-2263] Analyzing Verilog file "/home/philipp/University/M4/Masterthesis/src/vhdl-sejits/src/vivado/template_project/template_project.srcs/sources_1/ipshared/xilinx.com/generic_baseblocks_v2_1/da89d453/hdl/verilog/generic_baseblocks_v2_1_carry.v" into library generic_baseblocks_v2_1
INFO: [VRFC 10-311] analyzing module generic_baseblocks_v2_1_carry
INFO: [VRFC 10-2263] Analyzing Verilog file "/home/philipp/University/M4/Masterthesis/src/vhdl-sejits/src/vivado/template_project/template_project.srcs/sources_1/ipshared/xilinx.com/generic_baseblocks_v2_1/da89d453/hdl/verilog/generic_baseblocks_v2_1_command_fifo.v" into library generic_baseblocks_v2_1
INFO: [VRFC 10-311] analyzing module generic_baseblocks_v2_1_command_fifo
INFO: [VRFC 10-2263] Analyzing Verilog file "/home/philipp/University/M4/Masterthesis/src/vhdl-sejits/src/vivado/template_project/template_project.srcs/sources_1/ipshared/xilinx.com/generic_baseblocks_v2_1/da89d453/hdl/verilog/generic_baseblocks_v2_1_comparator_mask_static.v" into library generic_baseblocks_v2_1
INFO: [VRFC 10-311] analyzing module generic_baseblocks_v2_1_comparator_mask_static
INFO: [VRFC 10-2263] Analyzing Verilog file "/home/philipp/University/M4/Masterthesis/src/vhdl-sejits/src/vivado/template_project/template_project.srcs/sources_1/ipshared/xilinx.com/generic_baseblocks_v2_1/da89d453/hdl/verilog/generic_baseblocks_v2_1_comparator_mask.v" into library generic_baseblocks_v2_1
INFO: [VRFC 10-311] analyzing module generic_baseblocks_v2_1_comparator_mask
INFO: [VRFC 10-2263] Analyzing Verilog file "/home/philipp/University/M4/Masterthesis/src/vhdl-sejits/src/vivado/template_project/template_project.srcs/sources_1/ipshared/xilinx.com/generic_baseblocks_v2_1/da89d453/hdl/verilog/generic_baseblocks_v2_1_comparator_sel_mask_static.v" into library generic_baseblocks_v2_1
INFO: [VRFC 10-311] analyzing module generic_baseblocks_v2_1_comparator_sel_mask_static
INFO: [VRFC 10-2263] Analyzing Verilog file "/home/philipp/University/M4/Masterthesis/src/vhdl-sejits/src/vivado/template_project/template_project.srcs/sources_1/ipshared/xilinx.com/generic_baseblocks_v2_1/da89d453/hdl/verilog/generic_baseblocks_v2_1_comparator_sel_mask.v" into library generic_baseblocks_v2_1
INFO: [VRFC 10-311] analyzing module generic_baseblocks_v2_1_comparator_sel_mask
INFO: [VRFC 10-2263] Analyzing Verilog file "/home/philipp/University/M4/Masterthesis/src/vhdl-sejits/src/vivado/template_project/template_project.srcs/sources_1/ipshared/xilinx.com/generic_baseblocks_v2_1/da89d453/hdl/verilog/generic_baseblocks_v2_1_comparator_sel_static.v" into library generic_baseblocks_v2_1
INFO: [VRFC 10-311] analyzing module generic_baseblocks_v2_1_comparator_sel_static
INFO: [VRFC 10-2263] Analyzing Verilog file "/home/philipp/University/M4/Masterthesis/src/vhdl-sejits/src/vivado/template_project/template_project.srcs/sources_1/ipshared/xilinx.com/generic_baseblocks_v2_1/da89d453/hdl/verilog/generic_baseblocks_v2_1_comparator_sel.v" into library generic_baseblocks_v2_1
INFO: [VRFC 10-311] analyzing module generic_baseblocks_v2_1_comparator_sel
INFO: [VRFC 10-2263] Analyzing Verilog file "/home/philipp/University/M4/Masterthesis/src/vhdl-sejits/src/vivado/template_project/template_project.srcs/sources_1/ipshared/xilinx.com/generic_baseblocks_v2_1/da89d453/hdl/verilog/generic_baseblocks_v2_1_comparator_static.v" into library generic_baseblocks_v2_1
INFO: [VRFC 10-311] analyzing module generic_baseblocks_v2_1_comparator_static
INFO: [VRFC 10-2263] Analyzing Verilog file "/home/philipp/University/M4/Masterthesis/src/vhdl-sejits/src/vivado/template_project/template_project.srcs/sources_1/ipshared/xilinx.com/generic_baseblocks_v2_1/da89d453/hdl/verilog/generic_baseblocks_v2_1_comparator.v" into library generic_baseblocks_v2_1
INFO: [VRFC 10-311] analyzing module generic_baseblocks_v2_1_comparator
INFO: [VRFC 10-2263] Analyzing Verilog file "/home/philipp/University/M4/Masterthesis/src/vhdl-sejits/src/vivado/template_project/template_project.srcs/sources_1/ipshared/xilinx.com/generic_baseblocks_v2_1/da89d453/hdl/verilog/generic_baseblocks_v2_1_mux_enc.v" into library generic_baseblocks_v2_1
INFO: [VRFC 10-311] analyzing module generic_baseblocks_v2_1_mux_enc
INFO: [VRFC 10-2263] Analyzing Verilog file "/home/philipp/University/M4/Masterthesis/src/vhdl-sejits/src/vivado/template_project/template_project.srcs/sources_1/ipshared/xilinx.com/generic_baseblocks_v2_1/da89d453/hdl/verilog/generic_baseblocks_v2_1_mux.v" into library generic_baseblocks_v2_1
INFO: [VRFC 10-311] analyzing module generic_baseblocks_v2_1_mux
INFO: [VRFC 10-2263] Analyzing Verilog file "/home/philipp/University/M4/Masterthesis/src/vhdl-sejits/src/vivado/template_project/template_project.srcs/sources_1/ipshared/xilinx.com/generic_baseblocks_v2_1/da89d453/hdl/verilog/generic_baseblocks_v2_1_nto1_mux.v" into library generic_baseblocks_v2_1
INFO: [VRFC 10-311] analyzing module generic_baseblocks_v2_1_nto1_mux
INFO: [VRFC 10-2263] Analyzing Verilog file "/home/philipp/University/M4/Masterthesis/src/vhdl-sejits/src/vivado/template_project/template_project.srcs/sources_1/ipshared/xilinx.com/axi_data_fifo_v2_1/82d298e6/hdl/verilog/axi_data_fifo_v2_1_axic_fifo.v" into library axi_data_fifo_v2_1
INFO: [VRFC 10-311] analyzing module axi_data_fifo_v2_1_axic_fifo
INFO: [VRFC 10-2263] Analyzing Verilog file "/home/philipp/University/M4/Masterthesis/src/vhdl-sejits/src/vivado/template_project/template_project.srcs/sources_1/ipshared/xilinx.com/axi_data_fifo_v2_1/82d298e6/hdl/verilog/axi_data_fifo_v2_1_fifo_gen.v" into library axi_data_fifo_v2_1
INFO: [VRFC 10-311] analyzing module axi_data_fifo_v2_1_fifo_gen
INFO: [VRFC 10-2263] Analyzing Verilog file "/home/philipp/University/M4/Masterthesis/src/vhdl-sejits/src/vivado/template_project/template_project.srcs/sources_1/ipshared/xilinx.com/axi_data_fifo_v2_1/82d298e6/hdl/verilog/axi_data_fifo_v2_1_axic_srl_fifo.v" into library axi_data_fifo_v2_1
INFO: [VRFC 10-311] analyzing module axi_data_fifo_v2_1_axic_srl_fifo
INFO: [VRFC 10-2263] Analyzing Verilog file "/home/philipp/University/M4/Masterthesis/src/vhdl-sejits/src/vivado/template_project/template_project.srcs/sources_1/ipshared/xilinx.com/axi_data_fifo_v2_1/82d298e6/hdl/verilog/axi_data_fifo_v2_1_axic_reg_srl_fifo.v" into library axi_data_fifo_v2_1
INFO: [VRFC 10-311] analyzing module axi_data_fifo_v2_1_axic_reg_srl_fifo
INFO: [VRFC 10-2263] Analyzing Verilog file "/home/philipp/University/M4/Masterthesis/src/vhdl-sejits/src/vivado/template_project/template_project.srcs/sources_1/ipshared/xilinx.com/axi_data_fifo_v2_1/82d298e6/hdl/verilog/axi_data_fifo_v2_1_ndeep_srl.v" into library axi_data_fifo_v2_1
INFO: [VRFC 10-311] analyzing module axi_data_fifo_v2_1_ndeep_srl
INFO: [VRFC 10-2263] Analyzing Verilog file "/home/philipp/University/M4/Masterthesis/src/vhdl-sejits/src/vivado/template_project/template_project.srcs/sources_1/ipshared/xilinx.com/axi_data_fifo_v2_1/82d298e6/hdl/verilog/axi_data_fifo_v2_1_axi_data_fifo.v" into library axi_data_fifo_v2_1
INFO: [VRFC 10-311] analyzing module axi_data_fifo_v2_1_axi_data_fifo
INFO: [VRFC 10-2263] Analyzing Verilog file "/home/philipp/University/M4/Masterthesis/src/vhdl-sejits/src/vivado/template_project/template_project.srcs/sources_1/ipshared/xilinx.com/axi_infrastructure_v1_1/cf21a66f/hdl/verilog/axi_infrastructure_v1_1_axi2vector.v" into library axi_infrastructure_v1_1
INFO: [VRFC 10-311] analyzing module axi_infrastructure_v1_1_axi2vector
INFO: [VRFC 10-2263] Analyzing Verilog file "/home/philipp/University/M4/Masterthesis/src/vhdl-sejits/src/vivado/template_project/template_project.srcs/sources_1/ipshared/xilinx.com/axi_infrastructure_v1_1/cf21a66f/hdl/verilog/axi_infrastructure_v1_1_axic_srl_fifo.v" into library axi_infrastructure_v1_1
INFO: [VRFC 10-311] analyzing module axi_infrastructure_v1_1_axic_srl_fifo
INFO: [VRFC 10-2263] Analyzing Verilog file "/home/philipp/University/M4/Masterthesis/src/vhdl-sejits/src/vivado/template_project/template_project.srcs/sources_1/ipshared/xilinx.com/axi_infrastructure_v1_1/cf21a66f/hdl/verilog/axi_infrastructure_v1_1_vector2axi.v" into library axi_infrastructure_v1_1
INFO: [VRFC 10-311] analyzing module axi_infrastructure_v1_1_vector2axi
INFO: [VRFC 10-2263] Analyzing Verilog file "/home/philipp/University/M4/Masterthesis/src/vhdl-sejits/src/vivado/template_project/template_project.srcs/sources_1/ipshared/xilinx.com/axi_register_slice_v2_1/03a8e0ba/hdl/verilog/axi_register_slice_v2_1_axic_register_slice.v" into library axi_register_slice_v2_1
INFO: [VRFC 10-311] analyzing module axi_register_slice_v2_1_axic_register_slice
INFO: [VRFC 10-2263] Analyzing Verilog file "/home/philipp/University/M4/Masterthesis/src/vhdl-sejits/src/vivado/template_project/template_project.srcs/sources_1/ipshared/xilinx.com/axi_register_slice_v2_1/03a8e0ba/hdl/verilog/axi_register_slice_v2_1_axi_register_slice.v" into library axi_register_slice_v2_1
INFO: [VRFC 10-311] analyzing module axi_register_slice_v2_1_axi_register_slice
INFO: [VRFC 10-2263] Analyzing Verilog file "/home/philipp/University/M4/Masterthesis/src/vhdl-sejits/src/vivado/template_project/template_project.srcs/sources_1/ipshared/xilinx.com/axi_protocol_converter_v2_1/017861a2/hdl/verilog/axi_protocol_converter_v2_1_a_axi3_conv.v" into library axi_protocol_converter_v2_1
INFO: [VRFC 10-311] analyzing module axi_protocol_converter_v2_1_a_axi3_conv
INFO: [VRFC 10-2263] Analyzing Verilog file "/home/philipp/University/M4/Masterthesis/src/vhdl-sejits/src/vivado/template_project/template_project.srcs/sources_1/ipshared/xilinx.com/axi_protocol_converter_v2_1/017861a2/hdl/verilog/axi_protocol_converter_v2_1_axi3_conv.v" into library axi_protocol_converter_v2_1
INFO: [VRFC 10-311] analyzing module axi_protocol_converter_v2_1_axi3_conv
INFO: [VRFC 10-2263] Analyzing Verilog file "/home/philipp/University/M4/Masterthesis/src/vhdl-sejits/src/vivado/template_project/template_project.srcs/sources_1/ipshared/xilinx.com/axi_protocol_converter_v2_1/017861a2/hdl/verilog/axi_protocol_converter_v2_1_axilite_conv.v" into library axi_protocol_converter_v2_1
INFO: [VRFC 10-311] analyzing module axi_protocol_converter_v2_1_axilite_conv
INFO: [VRFC 10-2263] Analyzing Verilog file "/home/philipp/University/M4/Masterthesis/src/vhdl-sejits/src/vivado/template_project/template_project.srcs/sources_1/ipshared/xilinx.com/axi_protocol_converter_v2_1/017861a2/hdl/verilog/axi_protocol_converter_v2_1_r_axi3_conv.v" into library axi_protocol_converter_v2_1
INFO: [VRFC 10-311] analyzing module axi_protocol_converter_v2_1_r_axi3_conv
INFO: [VRFC 10-2263] Analyzing Verilog file "/home/philipp/University/M4/Masterthesis/src/vhdl-sejits/src/vivado/template_project/template_project.srcs/sources_1/ipshared/xilinx.com/axi_protocol_converter_v2_1/017861a2/hdl/verilog/axi_protocol_converter_v2_1_w_axi3_conv.v" into library axi_protocol_converter_v2_1
INFO: [VRFC 10-311] analyzing module axi_protocol_converter_v2_1_w_axi3_conv
INFO: [VRFC 10-2263] Analyzing Verilog file "/home/philipp/University/M4/Masterthesis/src/vhdl-sejits/src/vivado/template_project/template_project.srcs/sources_1/ipshared/xilinx.com/axi_protocol_converter_v2_1/017861a2/hdl/verilog/axi_protocol_converter_v2_1_b_downsizer.v" into library axi_protocol_converter_v2_1
INFO: [VRFC 10-311] analyzing module axi_protocol_converter_v2_1_b_downsizer
INFO: [VRFC 10-2263] Analyzing Verilog file "/home/philipp/University/M4/Masterthesis/src/vhdl-sejits/src/vivado/template_project/template_project.srcs/sources_1/ipshared/xilinx.com/axi_protocol_converter_v2_1/017861a2/hdl/verilog/axi_protocol_converter_v2_1_decerr_slave.v" into library axi_protocol_converter_v2_1
INFO: [VRFC 10-311] analyzing module axi_protocol_converter_v2_1_decerr_slave
INFO: [VRFC 10-2263] Analyzing Verilog file "/home/philipp/University/M4/Masterthesis/src/vhdl-sejits/src/vivado/template_project/template_project.srcs/sources_1/ipshared/xilinx.com/axi_protocol_converter_v2_1/017861a2/hdl/verilog/axi_protocol_converter_v2_1_b2s_simple_fifo.v" into library axi_protocol_converter_v2_1
INFO: [VRFC 10-311] analyzing module axi_protocol_converter_v2_1_b2s_simple_fifo
INFO: [VRFC 10-2263] Analyzing Verilog file "/home/philipp/University/M4/Masterthesis/src/vhdl-sejits/src/vivado/template_project/template_project.srcs/sources_1/ipshared/xilinx.com/axi_protocol_converter_v2_1/017861a2/hdl/verilog/axi_protocol_converter_v2_1_b2s_wrap_cmd.v" into library axi_protocol_converter_v2_1
INFO: [VRFC 10-311] analyzing module axi_protocol_converter_v2_1_b2s_wrap_cmd
INFO: [VRFC 10-2263] Analyzing Verilog file "/home/philipp/University/M4/Masterthesis/src/vhdl-sejits/src/vivado/template_project/template_project.srcs/sources_1/ipshared/xilinx.com/axi_protocol_converter_v2_1/017861a2/hdl/verilog/axi_protocol_converter_v2_1_b2s_incr_cmd.v" into library axi_protocol_converter_v2_1
INFO: [VRFC 10-311] analyzing module axi_protocol_converter_v2_1_b2s_incr_cmd
INFO: [VRFC 10-2263] Analyzing Verilog file "/home/philipp/University/M4/Masterthesis/src/vhdl-sejits/src/vivado/template_project/template_project.srcs/sources_1/ipshared/xilinx.com/axi_protocol_converter_v2_1/017861a2/hdl/verilog/axi_protocol_converter_v2_1_b2s_wr_cmd_fsm.v" into library axi_protocol_converter_v2_1
INFO: [VRFC 10-311] analyzing module axi_protocol_converter_v2_1_b2s_wr_cmd_fsm
INFO: [VRFC 10-2263] Analyzing Verilog file "/home/philipp/University/M4/Masterthesis/src/vhdl-sejits/src/vivado/template_project/template_project.srcs/sources_1/ipshared/xilinx.com/axi_protocol_converter_v2_1/017861a2/hdl/verilog/axi_protocol_converter_v2_1_b2s_rd_cmd_fsm.v" into library axi_protocol_converter_v2_1
INFO: [VRFC 10-311] analyzing module axi_protocol_converter_v2_1_b2s_rd_cmd_fsm
INFO: [VRFC 10-2263] Analyzing Verilog file "/home/philipp/University/M4/Masterthesis/src/vhdl-sejits/src/vivado/template_project/template_project.srcs/sources_1/ipshared/xilinx.com/axi_protocol_converter_v2_1/017861a2/hdl/verilog/axi_protocol_converter_v2_1_b2s_cmd_translator.v" into library axi_protocol_converter_v2_1
INFO: [VRFC 10-311] analyzing module axi_protocol_converter_v2_1_b2s_cmd_translator
INFO: [VRFC 10-2263] Analyzing Verilog file "/home/philipp/University/M4/Masterthesis/src/vhdl-sejits/src/vivado/template_project/template_project.srcs/sources_1/ipshared/xilinx.com/axi_protocol_converter_v2_1/017861a2/hdl/verilog/axi_protocol_converter_v2_1_b2s_b_channel.v" into library axi_protocol_converter_v2_1
INFO: [VRFC 10-311] analyzing module axi_protocol_converter_v2_1_b2s_b_channel
INFO: [VRFC 10-2263] Analyzing Verilog file "/home/philipp/University/M4/Masterthesis/src/vhdl-sejits/src/vivado/template_project/template_project.srcs/sources_1/ipshared/xilinx.com/axi_protocol_converter_v2_1/017861a2/hdl/verilog/axi_protocol_converter_v2_1_b2s_r_channel.v" into library axi_protocol_converter_v2_1
INFO: [VRFC 10-311] analyzing module axi_protocol_converter_v2_1_b2s_r_channel
INFO: [VRFC 10-2263] Analyzing Verilog file "/home/philipp/University/M4/Masterthesis/src/vhdl-sejits/src/vivado/template_project/template_project.srcs/sources_1/ipshared/xilinx.com/axi_protocol_converter_v2_1/017861a2/hdl/verilog/axi_protocol_converter_v2_1_b2s_aw_channel.v" into library axi_protocol_converter_v2_1
INFO: [VRFC 10-311] analyzing module axi_protocol_converter_v2_1_b2s_aw_channel
INFO: [VRFC 10-2263] Analyzing Verilog file "/home/philipp/University/M4/Masterthesis/src/vhdl-sejits/src/vivado/template_project/template_project.srcs/sources_1/ipshared/xilinx.com/axi_protocol_converter_v2_1/017861a2/hdl/verilog/axi_protocol_converter_v2_1_b2s_ar_channel.v" into library axi_protocol_converter_v2_1
INFO: [VRFC 10-311] analyzing module axi_protocol_converter_v2_1_b2s_ar_channel
INFO: [VRFC 10-2263] Analyzing Verilog file "/home/philipp/University/M4/Masterthesis/src/vhdl-sejits/src/vivado/template_project/template_project.srcs/sources_1/ipshared/xilinx.com/axi_protocol_converter_v2_1/017861a2/hdl/verilog/axi_protocol_converter_v2_1_b2s.v" into library axi_protocol_converter_v2_1
INFO: [VRFC 10-311] analyzing module axi_protocol_converter_v2_1_b2s
INFO: [VRFC 10-2263] Analyzing Verilog file "/home/philipp/University/M4/Masterthesis/src/vhdl-sejits/src/vivado/template_project/template_project.srcs/sources_1/ipshared/xilinx.com/axi_protocol_converter_v2_1/017861a2/hdl/verilog/axi_protocol_converter_v2_1_axi_protocol_converter.v" into library axi_protocol_converter_v2_1
INFO: [VRFC 10-311] analyzing module axi_protocol_converter_v2_1_axi_protocol_converter
INFO: [VRFC 10-2263] Analyzing Verilog file "/home/philipp/University/M4/Masterthesis/src/vhdl-sejits/src/vivado/template_project/template_project.srcs/sources_1/bd/template_design/ip/template_design_auto_pc_0/sim/template_design_auto_pc_0.v" into library xil_defaultlib
INFO: [VRFC 10-311] analyzing module template_design_auto_pc_0
INFO: [VRFC 10-2263] Analyzing Verilog file "/home/philipp/University/M4/Masterthesis/src/vhdl-sejits/src/vivado/template_project/template_project.srcs/sources_1/bd/template_design/ip/template_design_auto_pc_1/sim/template_design_auto_pc_1.v" into library xil_defaultlib
INFO: [VRFC 10-311] analyzing module template_design_auto_pc_1
INFO: [VRFC 10-2263] Analyzing Verilog file "/home/philipp/University/M4/Masterthesis/src/vhdl-sejits/src/vivado/template_project/template_project.sim/sim_1/behav/glbl.v" into library xil_defaultlib
INFO: [VRFC 10-311] analyzing module glbl
